# JRE version: Java(TM) SE Runtime Environment (21.0.2+13) (build 21.0.2+13-LTS-58)
# Java VM: Java HotSpot(TM) 64-Bit Server VM (21.0.2+13-LTS-58, mixed mode, emulated-client, sharing, tiered, compressed oops, compressed class ptrs, g1 gc, windows-amd64)
GC Precious Log:
 CardTable entry size: 512
 Card Set container configuration: InlinePtr #cards 5 size 8 Array Of Cards #cards 12 size 40 Howl #buckets 4 coarsen threshold 1843 Howl Bitmap #cards 512 size 80 coarsen threshold 460 Card regions per heap region 1 cards per card region 2048
 CPUs: 4 total, 4 available
 Memory: 3956M
 Large Page Support: Disabled
 NUMA Support: Disabled
 Compressed Oops: Enabled (32-bit)
 Heap Region Size: 1M
 Heap Min Capacity: 8M
 Heap Initial Capacity: 62M
 Heap Max Capacity: 990M
 Pre-touch: Disabled
 Parallel Workers: 4
 Concurrent Workers: 1
 Concurrent Refinement Workers: 4
 Periodic GC: Disabled
Heap:
 garbage-first heap   total 80896K, used 62584K [0x00000000c2200000, 0x0000000100000000)
  region size 1024K, 25 young (25600K), 5 survivors (5120K)
 Metaspace       used 87413K, committed 88256K, reserved 1179648K
  class space    used 12377K, committed 12736K, reserved 1048576K
GC Heap History (20 events):
Event: 2762.261 GC heap after
{Heap after GC invocations=83 (full 8):
 garbage-first heap   total 80896K, used 34223K [0x00000000c2200000, 0x0000000100000000)
  region size 1024K, 0 young (0K), 0 survivors (0K)
 Metaspace       used 85623K, committed 86464K, reserved 1179648K
  class space    used 12176K, committed 12544K, reserved 1048576K
}
Event: 2763.528 GC heap before
{Heap before GC invocations=83 (full 8):
 garbage-first heap   total 80896K, used 66991K [0x00000000c2200000, 0x0000000100000000)
  region size 1024K, 33 young (33792K), 0 survivors (0K)
 Metaspace       used 85781K, committed 86592K, reserved 1179648K
  class space    used 12194K, committed 12544K, reserved 1048576K
}
Event: 2763.536 GC heap after
{Heap after GC invocations=84 (full 8):
 garbage-first heap   total 80896K, used 37659K [0x00000000c2200000, 0x0000000100000000)
  region size 1024K, 4 young (4096K), 4 survivors (4096K)
 Metaspace       used 85781K, committed 86592K, reserved 1179648K
  class space    used 12194K, committed 12544K, reserved 1048576K
}
Event: 2765.612 GC heap before
{Heap before GC invocations=85 (full 8):
 garbage-first heap   total 80896K, used 68379K [0x00000000c2200000, 0x0000000100000000)
  region size 1024K, 35 young (35840K), 4 survivors (4096K)
 Metaspace       used 85872K, committed 86656K, reserved 1179648K
  class space    used 12212K, committed 12544K, reserved 1048576K
}
Event: 2765.629 GC heap after
{Heap after GC invocations=86 (full 8):
 garbage-first heap   total 80896K, used 39812K [0x00000000c2200000, 0x0000000100000000)
  region size 1024K, 3 young (3072K), 3 survivors (3072K)
 Metaspace       used 85872K, committed 86656K, reserved 1179648K
  class space    used 12212K, committed 12544K, reserved 1048576K
}
Event: 2767.693 GC heap before
{Heap before GC invocations=86 (full 8):
 garbage-first heap   total 80896K, used 68484K [0x00000000c2200000, 0x0000000100000000)
  region size 1024K, 32 young (32768K), 3 survivors (3072K)
 Metaspace       used 86164K, committed 86912K, reserved 1179648K
  class space    used 12231K, committed 12544K, reserved 1048576K
}
Event: 2767.716 GC heap after
{Heap after GC invocations=87 (full 8):
 garbage-first heap   total 80896K, used 43306K [0x00000000c2200000, 0x0000000100000000)
  region size 1024K, 4 young (4096K), 4 survivors (4096K)
 Metaspace       used 86164K, committed 86912K, reserved 1179648K
  class space    used 12231K, committed 12544K, reserved 1048576K
}
Event: 2947.021 GC heap before
{Heap before GC invocations=87 (full 8):
 garbage-first heap   total 80896K, used 68906K [0x00000000c2200000, 0x0000000100000000)
  region size 1024K, 30 young (30720K), 4 survivors (4096K)
 Metaspace       used 86469K, committed 87296K, reserved 1179648K
  class space    used 12262K, committed 12608K, reserved 1048576K
}
Event: 2947.060 GC heap after
{Heap after GC invocations=88 (full 8):
 garbage-first heap   total 80896K, used 45402K [0x00000000c2200000, 0x0000000100000000)
  region size 1024K, 3 young (3072K), 3 survivors (3072K)
 Metaspace       used 86469K, committed 87296K, reserved 1179648K
  class space    used 12262K, committed 12608K, reserved 1048576K
}
Event: 3165.923 GC heap before
{Heap before GC invocations=89 (full 8):
 garbage-first heap   total 80896K, used 71002K [0x00000000c2200000, 0x0000000100000000)
  region size 1024K, 28 young (28672K), 3 survivors (3072K)
 Metaspace       used 86365K, committed 87296K, reserved 1179648K
  class space    used 12243K, committed 12608K, reserved 1048576K
}
Event: 3166.381 GC heap after
{Heap after GC invocations=90 (full 8):
 garbage-first heap   total 80896K, used 45926K [0x00000000c2200000, 0x0000000100000000)
  region size 1024K, 1 young (1024K), 1 survivors (1024K)
 Metaspace       used 86365K, committed 87296K, reserved 1179648K
  class space    used 12243K, committed 12608K, reserved 1048576K
}
Event: 3405.836 GC heap before
{Heap before GC invocations=90 (full 8):
 garbage-first heap   total 80896K, used 67430K [0x00000000c2200000, 0x0000000100000000)
  region size 1024K, 24 young (24576K), 1 survivors (1024K)
 Metaspace       used 86505K, committed 87296K, reserved 1179648K
  class space    used 12260K, committed 12608K, reserved 1048576K
}
Event: 3406.218 GC heap after
{Heap after GC invocations=91 (full 9):
 garbage-first heap   total 80896K, used 31693K [0x00000000c2200000, 0x0000000100000000)
  region size 1024K, 0 young (0K), 0 survivors (0K)
 Metaspace       used 86460K, committed 87296K, reserved 1179648K
  class space    used 12248K, committed 12608K, reserved 1048576K
}
Event: 3408.597 GC heap before
{Heap before GC invocations=91 (full 9):
 garbage-first heap   total 80896K, used 69581K [0x00000000c2200000, 0x0000000100000000)
  region size 1024K, 37 young (37888K), 0 survivors (0K)
 Metaspace       used 86681K, committed 87424K, reserved 1179648K
  class space    used 12286K, committed 12608K, reserved 1048576K
}
Event: 3408.619 GC heap after
{Heap after GC invocations=92 (full 9):
 garbage-first heap   total 80896K, used 36086K [0x00000000c2200000, 0x0000000100000000)
  region size 1024K, 5 young (5120K), 5 survivors (5120K)
 Metaspace       used 86681K, committed 87424K, reserved 1179648K
  class space    used 12286K, committed 12608K, reserved 1048576K
}
Event: 3410.862 GC heap before
{Heap before GC invocations=93 (full 9):
 garbage-first heap   total 80896K, used 66806K [0x00000000c2200000, 0x0000000100000000)
  region size 1024K, 36 young (36864K), 5 survivors (5120K)
 Metaspace       used 86930K, committed 87744K, reserved 1179648K
  class space    used 12323K, committed 12672K, reserved 1048576K
}
Event: 3410.898 GC heap after
{Heap after GC invocations=94 (full 9):
 garbage-first heap   total 80896K, used 38605K [0x00000000c2200000, 0x0000000100000000)
  region size 1024K, 3 young (3072K), 3 survivors (3072K)
 Metaspace       used 86930K, committed 87744K, reserved 1179648K
  class space    used 12323K, committed 12672K, reserved 1048576K
}
Event: 3412.670 GC heap before
{Heap before GC invocations=94 (full 9):
 garbage-first heap   total 80896K, used 70349K [0x00000000c2200000, 0x0000000100000000)
  region size 1024K, 34 young (34816K), 3 survivors (3072K)
 Metaspace       used 87178K, committed 88000K, reserved 1179648K
  class space    used 12354K, committed 12736K, reserved 1048576K
}
Event: 3412.692 GC heap after
{Heap after GC invocations=95 (full 9):
 garbage-first heap   total 80896K, used 42776K [0x00000000c2200000, 0x0000000100000000)
  region size 1024K, 5 young (5120K), 5 survivors (5120K)
 Metaspace       used 87178K, committed 88000K, reserved 1179648K
  class space    used 12354K, committed 12736K, reserved 1048576K
}
Event: 3543.123 GC heap before
{Heap before GC invocations=95 (full 9):
 garbage-first heap   total 80896K, used 62232K [0x00000000c2200000, 0x0000000100000000)
  region size 1024K, 25 young (25600K), 5 survivors (5120K)
 Metaspace       used 87413K, committed 88256K, reserved 1179648K
  class space    used 12377K, committed 12736K, reserved 1048576K
}

